\BOOKMARK [1][-]{section.1}{\376\377\137\025\212\000}{}% 1
\BOOKMARK [1][-]{section.2}{\376\377\166\370\121\163\135\345\117\134}{}% 2
\BOOKMARK [2][-]{subsection.2.1}{\376\377\211\306\211\311\213\355\212\000\152\041\127\213\127\050\147\072\126\150\116\272\143\247\122\066\116\055\166\204\136\224\165\050}{section.2}% 3
\BOOKMARK [2][-]{subsection.2.2}{\376\377\131\032\133\236\145\275\117\123\133\146\116\140\116\016\142\200\200\375\217\301\171\373}{section.2}% 4
\BOOKMARK [2][-]{subsection.2.3}{\376\377\121\167\216\253\143\250\164\006\116\016\116\343\164\006\174\373\176\337}{section.2}% 5
\BOOKMARK [2][-]{subsection.2.4}{\376\377\133\211\121\150\116\016\215\043\116\373\137\000\123\321}{section.2}% 6
\BOOKMARK [1][-]{section.3}{\376\377\152\041\127\213\147\266\147\204\116\016\145\271\154\325\151\202\217\360}{}% 7
\BOOKMARK [2][-]{subsection.3.1}{\376\377\145\164\117\123\150\106\147\266}{section.3}% 8
\BOOKMARK [2][-]{subsection.3.2}{\376\377\217\320\122\250\217\154\171\373\147\072\122\066}{section.3}% 9
\BOOKMARK [2][-]{subsection.3.3}{\376\377\121\167\216\253\140\035\200\003\203\003\137\017}{section.3}% 10
\BOOKMARK [2][-]{subsection.3.4}{\376\377\213\255\176\303\145\160\143\156\116\016\213\304\117\060\145\271\154\325}{section.3}% 11
\BOOKMARK [1][-]{section.4}{\376\377\000G\000e\000m\000i\000n\000i\000\040\000R\000o\000b\000o\000t\000i\000c\000s\000\040\0001\000.\0005\000\040\000V\000L\000A\152\041\127\213\140\047\200\375\122\006\147\220}{}% 12
\BOOKMARK [2][-]{subsection.4.1}{\376\377\131\032\147\072\126\150\116\272\116\373\122\241\171\072\117\213}{section.4}% 13
\BOOKMARK [2][-]{subsection.4.2}{\376\377\167\355\145\366\136\217\154\333\123\026\200\375\122\233}{section.4}% 14
\BOOKMARK [2][-]{subsection.4.3}{\376\377\131\032\133\236\145\275\117\123\133\146\116\140\155\210\207\215}{section.4}% 15
\BOOKMARK [2][-]{subsection.4.4}{\376\377\121\167\216\253\140\035\200\003\133\371\131\032\153\145\116\373\122\241\166\204\137\161\124\315}{section.4}% 16
\BOOKMARK [1][-]{section.5}{\376\377\000G\000e\000m\000i\000n\000i\000\040\000R\000o\000b\000o\000t\000i\000c\000s\000-\000E\000R\000\040\0001\000.\0005\121\167\216\253\143\250\164\006\200\375\122\233}{}% 17
\BOOKMARK [1][-]{section.6}{\376\377\116\343\164\006\174\373\176\337\140\047\200\375}{}% 18
\BOOKMARK [1][-]{section.7}{\376\377\133\211\121\150\116\016\215\043\116\373\137\000\123\321}{}% 19
\BOOKMARK [1][-]{section.8}{\376\377\176\323\213\272\116\016\134\125\147\033}{}% 20
