\BOOKMARK [1][-]{section.1}{\376\377\000I\000n\000t\000r\000o\000d\000u\000c\000t\000i\000o\000n}{}% 1
\BOOKMARK [1][-]{section.2}{\376\377\000M\000e\000t\000h\000o\000d\000\040\000O\000v\000e\000r\000v\000i\000e\000w}{}% 2
\BOOKMARK [2][-]{subsection.2.1}{\376\377\000M\000o\000d\000e\000l\000\040\000\046\000\040\000A\000r\000c\000h\000i\000t\000e\000c\000t\000u\000r\000e}{section.2}% 3
\BOOKMARK [2][-]{subsection.2.2}{\376\377\000R\000o\000b\000o\000t\000\040\000D\000a\000t\000a}{section.2}% 4
\BOOKMARK [2][-]{subsection.2.3}{\376\377\000E\000v\000a\000l\000u\000a\000t\000i\000o\000n}{section.2}% 5
\BOOKMARK [1][-]{section.3}{\376\377\000G\000e\000m\000i\000n\000i\000\040\000R\000o\000b\000o\000t\000i\000c\000s\000\040\0001\000.\0005\000\040\000i\000s\000\040\000a\000\040\000g\000e\000n\000e\000r\000a\000l\000\040\000m\000u\000l\000t\000i\000-\000e\000m\000b\000o\000d\000i\000m\000e\000n\000t\000\040\000V\000i\000s\000i\000o\000n\000-\000L\000a\000n\000g\000u\000a\000g\000e\000-\000A\000c\000t\000i\000o\000n\000\040\000M\000o\000d\000e\000l}{}% 6
\BOOKMARK [2][-]{subsection.3.1}{\376\377\000G\000e\000m\000i\000n\000i\000\040\000R\000o\000b\000o\000t\000i\000c\000s\000\040\0001\000.\0005\000\040\000c\000a\000n\000\040\000g\000e\000n\000e\000r\000a\000l\000i\000z\000e\000\040\000t\000o\000\040\000n\000e\000w\000\040\000e\000n\000v\000i\000r\000o\000n\000m\000e\000n\000t\000s\000\040\000a\000n\000d\000\040\000t\000a\000s\000k\000s}{section.3}% 7
\BOOKMARK [2][-]{subsection.3.2}{\376\377\000L\000e\000a\000r\000n\000i\000n\000g\000\040\000a\000c\000r\000o\000s\000s\000\040\000d\000i\000f\000f\000e\000r\000e\000n\000t\000\040\000r\000o\000b\000o\000t\000\040\000e\000m\000b\000o\000d\000i\000m\000e\000n\000t\000s}{section.3}% 8
\BOOKMARK [2][-]{subsection.3.3}{\376\377\000T\000h\000i\000n\000k\000i\000n\000g\000\040\000H\000e\000l\000p\000s\000\040\000A\000c\000t\000i\000n\000g}{section.3}% 9
\BOOKMARK [1][-]{section.4}{\376\377\000G\000e\000m\000i\000n\000i\000\040\000R\000o\000b\000o\000t\000i\000c\000s\000-\000E\000R\000\040\0001\000.\0005\000\040\000i\000s\000\040\000a\000\040\000g\000e\000n\000e\000r\000a\000l\000i\000s\000t\000\040\000e\000m\000b\000o\000d\000i\000e\000d\000\040\000r\000e\000a\000s\000o\000n\000i\000n\000g\000\040\000m\000o\000d\000e\000l}{}% 10
\BOOKMARK [2][-]{subsection.4.1}{\376\377\000G\000e\000n\000e\000r\000a\000l\000i\000t\000y}{section.4}% 11
\BOOKMARK [2][-]{subsection.4.2}{\376\377\000F\000r\000o\000n\000t\000i\000e\000r\000\040\000c\000a\000p\000a\000b\000i\000l\000i\000t\000i\000e\000s\000\040\000f\000o\000r\000\040\000E\000m\000b\000o\000d\000i\000e\000d\000\040\000R\000e\000a\000s\000o\000n\000i\000n\000g}{section.4}% 12
\BOOKMARK [2][-]{subsection.4.3}{\376\377\000T\000h\000i\000n\000k\000i\000n\000g}{section.4}% 13
\BOOKMARK [1][-]{section.5}{\376\377\000G\000e\000m\000i\000n\000i\000\040\000R\000o\000b\000o\000t\000i\000c\000s\000\040\0001\000.\0005\000:\000\040\000A\000\040\000P\000h\000y\000s\000i\000c\000a\000l\000\040\000A\000g\000e\000n\000t}{}% 14
\BOOKMARK [1][-]{section.6}{\376\377\000R\000e\000s\000p\000o\000n\000s\000i\000b\000l\000e\000\040\000D\000e\000v\000e\000l\000o\000p\000m\000e\000n\000t\000\040\000a\000n\000d\000\040\000S\000a\000f\000e\000t\000y}{}% 15
\BOOKMARK [1][-]{section.7}{\376\377\000D\000i\000s\000c\000u\000s\000s\000i\000o\000n}{}% 16
\BOOKMARK [1][-]{section.8}{\376\377\000C\000o\000n\000t\000r\000i\000b\000u\000t\000i\000o\000n\000s\000\040\000a\000n\000d\000\040\000A\000c\000k\000n\000o\000w\000l\000e\000d\000g\000m\000e\000n\000t\000s}{}% 17
\BOOKMARK [1][-]{appendix.A}{\376\377\000M\000o\000d\000e\000l\000\040\000C\000a\000r\000d}{}% 18
\BOOKMARK [1][-]{appendix.B}{\376\377\000G\000e\000m\000i\000n\000i\000\040\000R\000o\000b\000o\000t\000i\000c\000s\000\040\0001\000.\0005\000\040\000i\000s\000\040\000a\000\040\000g\000e\000n\000e\000r\000a\000l\000\040\000m\000u\000l\000t\000i\000-\000e\000m\000b\000o\000d\000i\000m\000e\000n\000t\000\040\000V\000i\000s\000i\000o\000n\000-\000L\000a\000n\000g\000u\000a\000g\000e\000-\000A\000c\000t\000i\000o\000n\000\040\000M\000o\000d\000e\000l}{}% 19
\BOOKMARK [2][-]{subsection.B.1}{\376\377\000R\000a\000n\000k\000\040\000c\000o\000n\000s\000i\000s\000t\000e\000n\000c\000y\000\040\000b\000e\000t\000w\000e\000e\000n\000\040\000e\000v\000a\000l\000u\000a\000t\000i\000o\000n\000s\000\040\000i\000n\000\040\000s\000i\000m\000u\000l\000a\000t\000i\000o\000n\000\040\000a\000n\000d\000\040\000o\000n\000\040\000r\000e\000a\000l\000\040\000r\000o\000b\000o\000t\000s}{appendix.B}% 20
\BOOKMARK [2][-]{subsection.B.2}{\376\377\000G\000e\000n\000e\000r\000a\000l\000i\000z\000a\000t\000i\000o\000n\000\040\000b\000e\000n\000c\000h\000m\000a\000r\000k}{appendix.B}% 21
\BOOKMARK [3][-]{subsubsection.B.2.1}{\376\377\000A\000L\000O\000H\000A\000\040\000r\000o\000b\000o\000t}{subsection.B.2}% 22
\BOOKMARK [4][-]{paragraph.B.2.1.1}{\376\377\000N\000e\000w\000\040\000a\000c\000t\000i\000o\000n\000\040\000g\000e\000n\000e\000r\000a\000l\000i\000z\000a\000t\000i\000o\000n\000\040\000p\000r\000o\000g\000r\000e\000s\000s\000\040\000s\000c\000o\000r\000e\000\040\000d\000e\000f\000i\000n\000i\000t\000i\000o\000n}{subsubsection.B.2.1}% 23
\BOOKMARK [4][-]{paragraph.B.2.1.2}{\376\377\000T\000a\000s\000k\000\040\000g\000e\000n\000e\000r\000a\000l\000i\000z\000a\000t\000i\000o\000n\000\040\000p\000r\000o\000g\000r\000e\000s\000s\000\040\000s\000c\000o\000r\000e\000\040\000d\000e\000f\000i\000n\000i\000t\000i\000o\000n}{subsubsection.B.2.1}% 24
\BOOKMARK [3][-]{subsubsection.B.2.2}{\376\377\000B\000i\000-\000a\000r\000m\000\040\000F\000r\000a\000n\000k\000a\000\040\000r\000o\000b\000o\000t}{subsection.B.2}% 25
\BOOKMARK [4][-]{paragraph.B.2.2.1}{\376\377\000T\000a\000s\000k\000\040\000p\000r\000o\000g\000r\000e\000s\000s\000\040\000s\000c\000o\000r\000e\000\040\000f\000o\000r\000\040\000i\000n\000-\000d\000i\000s\000t\000r\000i\000b\000u\000t\000i\000o\000n\000,\000\040\000v\000i\000s\000u\000a\000l\000\040\000a\000n\000d\000\040\000a\000c\000t\000i\000o\000n\000\040\000g\000e\000n\000e\000r\000a\000l\000i\000z\000a\000t\000i\000o\000n\000\040\000t\000a\000s\000k\000s}{subsubsection.B.2.2}% 26
\BOOKMARK [4][-]{paragraph.B.2.2.2}{\376\377\000T\000a\000s\000k\000\040\000p\000r\000o\000g\000r\000e\000s\000s\000\040\000s\000c\000o\000r\000e\000\040\000f\000o\000r\000\040\000s\000e\000m\000a\000n\000t\000i\000c\000\040\000g\000e\000n\000e\000r\000a\000l\000i\000z\000a\000t\000i\000o\000n\000\040\000t\000a\000s\000k\000s}{subsubsection.B.2.2}% 27
\BOOKMARK [3][-]{subsubsection.B.2.3}{\376\377\000A\000p\000o\000l\000l\000o\000\040\000h\000u\000m\000a\000n\000o\000i\000d\000\040\000r\000o\000b\000o\000t}{subsection.B.2}% 28
\BOOKMARK [4][-]{paragraph.B.2.3.1}{\376\377\000T\000a\000s\000k\000\040\000p\000r\000o\000g\000r\000e\000s\000s\000\040\000s\000c\000o\000r\000e\000\040\000f\000o\000r\000\040\000i\000n\000-\000d\000i\000s\000t\000r\000i\000b\000u\000t\000i\000o\000n\000,\000\040\000v\000i\000s\000u\000a\000l\000,\000\040\000s\000e\000m\000a\000n\000t\000i\000c\000\040\000a\000n\000d\000\040\000a\000c\000t\000i\000o\000n\000\040\000g\000e\000n\000e\000r\000a\000l\000i\000z\000a\000t\000i\000o\000n\000\040\000t\000a\000s\000k\000s}{subsubsection.B.2.3}% 29
\BOOKMARK [4][-]{paragraph.B.2.3.2}{\376\377\000Q\000u\000a\000l\000i\000t\000a\000t\000i\000v\000e\000\040\000R\000e\000s\000u\000l\000t\000s}{subsubsection.B.2.3}% 30
\BOOKMARK [2][-]{subsection.B.3}{\376\377\000C\000r\000o\000s\000s\000-\000e\000m\000b\000o\000d\000i\000m\000e\000n\000t\000\040\000b\000e\000n\000c\000h\000m\000a\000r\000k}{appendix.B}% 31
\BOOKMARK [3][-]{subsubsection.B.3.1}{\376\377\000B\000i\000-\000a\000r\000m\000\040\000F\000r\000a\000n\000k\000a\000\040\000-\000>\000\040\000A\000L\000O\000H\000A\000\040\000b\000e\000n\000c\000h\000m\000a\000r\000k}{subsection.B.3}% 32
\BOOKMARK [3][-]{subsubsection.B.3.2}{\376\377\000A\000L\000O\000H\000A\000\040\000b\000e\000n\000c\000h\000m\000a\000r\000k\000\040\000-\000>\000\040\000B\000i\000-\000a\000r\000m\000\040\000F\000r\000a\000n\000k\000a\000\040\000a\000n\000d\000\040\000A\000p\000o\000l\000l\000o\000\040\000h\000u\000m\000a\000n\000o\000i\000d\000\040\000r\000o\000b\000o\000t\000\040\000-\000>\000\040\000B\000i\000-\000a\000r\000m\000\040\000F\000r\000a\000n\000k\000a}{subsection.B.3}% 33
\BOOKMARK [3][-]{subsubsection.B.3.3}{\376\377\000A\000L\000O\000H\000A\000\040\000b\000e\000n\000c\000h\000m\000a\000r\000k\000\040\000-\000>\000\040\000H\000u\000m\000a\000n\000o\000i\000d\000\040\000r\000o\000b\000o\000t}{subsection.B.3}% 34
\BOOKMARK [2][-]{subsection.B.4}{\376\377\000M\000u\000l\000t\000i\000-\000s\000t\000e\000p\000\040\000b\000e\000n\000c\000h\000m\000a\000r\000k}{appendix.B}% 35
\BOOKMARK [3][-]{subsubsection.B.4.1}{\376\377\000A\000L\000O\000H\000A\000\040\000r\000o\000b\000o\000t}{subsection.B.4}% 36
\BOOKMARK [3][-]{subsubsection.B.4.2}{\376\377\000B\000i\000-\000a\000r\000m\000\040\000F\000r\000a\000n\000k\000a\000\040\000r\000o\000b\000o\000t}{subsection.B.4}% 37
\BOOKMARK [3][-]{subsubsection.B.4.3}{\376\377\000H\000u\000m\000a\000n\000o\000i\000d\000\040\000r\000o\000b\000o\000t}{subsection.B.4}% 38
\BOOKMARK [2][-]{subsection.B.5}{\376\377\000S\000u\000c\000c\000e\000s\000s\000\040\000r\000a\000t\000e}{appendix.B}% 39
\BOOKMARK [3][-]{subsubsection.B.5.1}{\376\377\000S\000u\000c\000c\000e\000s\000s\000\040\000r\000a\000t\000e\000\040\000f\000o\000r\000\040\000g\000e\000n\000e\000r\000a\000l\000i\000z\000a\000t\000i\000o\000n\000\040\000p\000e\000r\000f\000o\000r\000m\000a\000n\000c\000e}{subsection.B.5}% 40
\BOOKMARK [3][-]{subsubsection.B.5.2}{\376\377\000S\000u\000c\000c\000e\000s\000s\000\040\000r\000a\000t\000e\000\040\000f\000o\000r\000\040\000d\000a\000t\000a\000\040\000a\000n\000d\000\040\000m\000o\000d\000e\000l\000\040\000a\000b\000l\000a\000t\000i\000o\000n}{subsection.B.5}% 41
\BOOKMARK [3][-]{subsubsection.B.5.3}{\376\377\000S\000u\000c\000c\000e\000s\000s\000\040\000r\000a\000t\000e\000\040\000f\000o\000r\000\040\000t\000h\000i\000n\000k\000i\000n\000g\000\040\000a\000b\000l\000a\000t\000i\000o\000n}{subsection.B.5}% 42
\BOOKMARK [1][-]{appendix.C}{\376\377\000G\000e\000m\000i\000n\000i\000\040\000R\000o\000b\000o\000t\000i\000c\000s\000-\000E\000R\000\040\0001\000.\0005\000\040\000i\000s\000\040\000a\000\040\000g\000e\000n\000e\000r\000a\000l\000i\000s\000t\000\040\000e\000m\000b\000o\000d\000i\000e\000d\000\040\000r\000e\000a\000s\000o\000n\000i\000n\000g\000\040\000m\000o\000d\000e\000l}{}% 43
\BOOKMARK [2][-]{subsection.C.1}{\376\377\000E\000v\000a\000l\000u\000a\000t\000i\000o\000n\000\040\000D\000e\000t\000a\000i\000l\000s\000:\000\040\000G\000e\000n\000e\000r\000a\000l\000i\000t\000y}{appendix.C}% 44
\BOOKMARK [2][-]{subsection.C.2}{\376\377\000E\000v\000a\000l\000u\000a\000t\000i\000o\000n\000\040\000D\000e\000t\000a\000i\000l\000s\000:\000\040\000P\000o\000i\000n\000t\000i\000n\000g}{appendix.C}% 45
\BOOKMARK [2][-]{subsection.C.3}{\376\377\000A\000d\000d\000i\000t\000i\000o\000n\000a\000l\000\040\000E\000x\000a\000m\000p\000l\000e\000s}{appendix.C}% 46
\BOOKMARK [1][-]{appendix.D}{\376\377\000G\000e\000m\000i\000n\000i\000\040\000R\000o\000b\000o\000t\000i\000c\000s\000\040\0001\000.\0005\000:\000\040\000A\000\040\000P\000h\000y\000s\000i\000c\000a\000l\000\040\000A\000g\000e\000n\000t}{}% 47
\BOOKMARK [2][-]{subsection.D.1}{\376\377\000L\000o\000n\000g\000-\000h\000o\000r\000i\000z\000o\000n\000\040\000b\000e\000n\000c\000h\000m\000a\000r\000k\000s}{appendix.D}% 48
\BOOKMARK [2][-]{subsection.D.2}{\376\377\000S\000u\000c\000c\000e\000s\000s\000\040\000r\000a\000t\000e}{appendix.D}% 49
