\BOOKMARK [1][-]{section.1}{\376\377\137\025\212\000}{}% 1
\BOOKMARK [1][-]{section.2}{\376\377\137\072\123\026\133\146\116\140\164\006\213\272\127\372\170\100}{}% 2
\BOOKMARK [2][-]{subsection.2.1}{\376\377\232\154\134\024\123\357\131\053\121\263\173\126\217\307\172\013\136\372\152\041}{section.2}% 3
\BOOKMARK [2][-]{subsection.2.2}{\376\377\173\126\165\145\150\257\136\246\116\016\155\361\136\246\137\072\123\026\133\146\116\140}{section.2}% 4
\BOOKMARK [2][-]{subsection.2.3}{\376\377\217\333\123\026\173\126\165\145\116\016\236\321\166\322\117\030\123\026\211\306\211\322}{section.2}% 5
\BOOKMARK [1][-]{section.3}{\376\377\123\314\215\263\147\072\126\150\116\272\210\114\215\160\116\373\122\241\136\372\152\041}{}% 6
\BOOKMARK [2][-]{subsection.3.1}{\376\377\123\314\215\263\147\072\126\150\116\272\000\040\000S\000i\000m\000u\000l\000i\000n\000k\000\040\152\041\127\213}{section.3}% 7
\BOOKMARK [2][-]{subsection.3.2}{\376\377\162\266\140\001\172\172\225\364\116\016\122\250\117\134\172\172\225\364}{section.3}% 8
\BOOKMARK [2][-]{subsection.3.3}{\376\377\116\377\167\037\163\257\130\203\116\016\176\310\153\142\147\141\116\366}{section.3}% 9
\BOOKMARK [1][-]{section.4}{\376\377\131\126\122\261\121\375\145\160\213\276\213\241\116\016\217\333\123\026\173\126\165\145\145\271\154\325}{}% 10
\BOOKMARK [2][-]{subsection.4.1}{\376\377\131\126\122\261\121\375\145\160\213\276\213\241}{section.4}% 11
\BOOKMARK [2][-]{subsection.4.2}{\376\377\217\333\123\026\173\126\165\145\117\030\123\026\155\101\172\013}{section.4}% 12
\BOOKMARK [1][-]{section.5}{\376\377\127\372\116\216\000\040\000M\000A\000T\000L\000A\000B\000\040\166\204\133\236\163\260\116\016\213\255\176\303\155\101\172\013}{}% 13
\BOOKMARK [2][-]{subsection.5.1}{\376\377\163\257\130\203\143\245\123\343\116\016\146\172\200\375\117\123\176\323\147\204}{section.5}% 14
\BOOKMARK [2][-]{subsection.5.2}{\376\377\213\255\176\303\155\101\172\013}{section.5}% 15
\BOOKMARK [1][-]{section.6}{\376\377\133\236\232\214\176\323\147\234\116\016\122\006\147\220}{}% 16
\BOOKMARK [2][-]{subsection.6.1}{\376\377\213\255\176\303\217\307\172\013\116\016\133\146\116\140\146\362\176\277}{section.6}% 17
\BOOKMARK [2][-]{subsection.6.2}{\376\377\153\145\140\001\210\114\116\072\116\016\172\063\133\232\140\047\211\302\133\337}{section.6}% 18
\BOOKMARK [1][-]{section.7}{\376\377\213\250\213\272\116\016\134\125\147\033}{}% 19
\BOOKMARK [1][-]{section.8}{\376\377\176\323\213\272}{}% 20
