\BOOKMARK [1][-]{section.1}{\376\377\137\025\212\000}{}% 1
\BOOKMARK [2][-]{subsection.1.1}{\376\377\133\236\232\214\166\356\166\204}{section.1}% 2
\BOOKMARK [2][-]{subsection.1.2}{\376\377\133\236\116\140\230\171\166\356\166\204\170\024\172\166\200\314\146\157}{section.1}% 3
\BOOKMARK [1][-]{section.2}{\376\377\224\273\147\361\174\230\156\321\143\057\122\250\166\204\147\072\164\006\122\006\147\220}{}% 4
\BOOKMARK [2][-]{subsection.2.1}{\376\377\224\273\147\361\174\373\176\337\166\204\176\304\142\020\123\312\135\345\117\134\123\237\164\006}{section.2}% 5
\BOOKMARK [2][-]{subsection.2.2}{\376\377\224\273\147\361\174\230\156\321\143\057\122\250\166\204\147\072\164\006\122\006\147\220}{section.2}% 6
\BOOKMARK [1][-]{section.3}{\376\377\224\273\147\361\174\373\176\337\166\204\136\372\152\041}{}% 7
\BOOKMARK [2][-]{subsection.3.1}{\376\377\224\273\147\361\174\373\176\337\166\204\176\323\147\204\173\200\123\026}{section.3}% 8
\BOOKMARK [2][-]{subsection.3.2}{\376\377\224\273\147\361\174\373\176\337\122\250\122\233\133\146\136\372\152\041}{section.3}% 9
\BOOKMARK [2][-]{subsection.3.3}{\376\377\224\273\147\361\174\373\176\337\116\377\167\037\152\041\127\213\166\204\136\372\172\313}{section.3}% 10
\BOOKMARK [1][-]{section.4}{\376\377\224\273\147\361\174\373\176\337\116\377\167\037\133\236\232\214}{}% 11
\BOOKMARK [2][-]{subsection.4.1}{\376\377\147\052\122\240\143\247\122\066\166\204\224\273\147\361\152\041\127\213}{section.4}% 12
\BOOKMARK [3][-]{subsubsection.4.1.1}{\376\377\000S\000i\000m\000u\000l\000i\000n\000k\116\377\167\037}{subsection.4.1}% 13
\BOOKMARK [3][-]{subsubsection.4.1.2}{\376\377\165\050\000o\000d\000e\121\375\145\160\166\204\154\102\211\343\153\324\217\203}{subsection.4.1}% 14
\BOOKMARK [2][-]{subsection.4.2}{\376\377\162\266\140\001\211\302\155\113\126\150\143\247\122\066\166\204\224\273\147\361\152\041\127\213}{section.4}% 15
\BOOKMARK [2][-]{subsection.4.3}{\376\377\000P\000I\000D\143\247\122\066\166\204\224\273\147\361\152\041\127\213}{section.4}% 16
\BOOKMARK [2][-]{subsection.4.4}{\376\377\123\125\171\136\176\317\121\103\000P\000I\000D\143\247\122\066}{section.4}% 17
\BOOKMARK [2][-]{subsection.4.5}{\376\377\143\247\122\066\145\110\147\234\133\371\153\324}{section.4}% 18
\BOOKMARK [1][-]{section.5}{\376\377\140\073\176\323}{}% 19
\BOOKMARK [1][-]{appendix.1.A}{\376\377\226\104\137\125\000\040\145\207\116\366\122\027\210\150}{}% 20
\BOOKMARK [1][-]{appendix.1.B}{\376\377\226\104\137\125\000\040\116\343\170\001}{}% 21
