\BOOKMARK [1][-]{section.1}{\376\377\137\025\212\000}{}% 1
\BOOKMARK [2][-]{subsection.1.1}{\376\377\170\024\172\166\200\314\146\157\116\016\141\017\116\111}{section.1}% 2
\BOOKMARK [2][-]{subsection.1.2}{\376\377\126\375\121\205\131\026\170\024\172\166\163\260\162\266}{section.1}% 3
\BOOKMARK [2][-]{subsection.1.3}{\376\377\147\054\145\207\116\073\211\201\135\345\117\134}{section.1}% 4
\BOOKMARK [1][-]{section.2}{\376\377\224\273\147\361\174\373\176\337\166\204\122\250\122\233\133\146\136\372\152\041}{}% 5
\BOOKMARK [2][-]{subsection.2.1}{\376\377\174\373\176\337\176\323\147\204\173\200\123\026\116\016\120\107\213\276}{section.2}% 6
\BOOKMARK [2][-]{subsection.2.2}{\376\377\122\250\122\233\133\146\145\271\172\013\143\250\133\374}{section.2}% 7
\BOOKMARK [2][-]{subsection.2.3}{\376\377\227\136\176\277\140\047\144\151\144\346\152\041\127\213}{section.2}% 8
\BOOKMARK [2][-]{subsection.2.4}{\376\377\162\266\140\001\172\172\225\364\145\271\172\013}{section.2}% 9
\BOOKMARK [1][-]{section.3}{\376\377\174\230\156\321\143\057\122\250\147\072\164\006\116\016\137\000\163\257\116\377\167\037\122\006\147\220}{}% 10
\BOOKMARK [2][-]{subsection.3.1}{\376\377\174\230\156\321\143\057\122\250\163\260\214\141\131\015\163\260}{section.3}% 11
\BOOKMARK [2][-]{subsection.3.2}{\376\377\224\273\116\225\123\302\145\160\145\117\141\037\140\047\122\006\147\220}{section.3}% 12
\BOOKMARK [2][-]{subsection.3.3}{\376\377\145\160\120\074\154\102\211\343\126\150\166\204\220\011\142\351\116\016\174\276\136\246\122\006\147\220}{section.3}% 13
\BOOKMARK [1][-]{section.4}{\376\377\116\073\122\250\142\221\122\066\143\247\122\066\173\126\165\145\213\276\213\241}{}% 14
\BOOKMARK [2][-]{subsection.4.1}{\376\377\000P\000I\000D\143\247\122\066\126\150\213\276\213\241}{section.4}% 15
\BOOKMARK [2][-]{subsection.4.2}{\376\377\162\266\140\001\211\302\155\113\126\150\213\276\213\241}{section.4}% 16
\BOOKMARK [2][-]{subsection.4.3}{\376\377\127\372\116\216\211\302\155\113\126\150\166\204\162\266\140\001\123\315\231\210\143\247\122\066}{section.4}% 17
\BOOKMARK [1][-]{section.5}{\376\377\116\377\167\037\133\236\232\214\116\016\176\323\147\234\122\006\147\220}{}% 18
\BOOKMARK [2][-]{subsection.5.1}{\376\377\211\302\155\113\126\150\140\047\200\375\232\214\213\301}{section.5}% 19
\BOOKMARK [2][-]{subsection.5.2}{\376\377\143\247\122\066\173\126\165\145\133\371\153\324\122\006\147\220}{section.5}% 20
\BOOKMARK [3][-]{subsubsection.5.2.1}{\376\377\000P\000I\000D\143\247\122\066\145\110\147\234}{subsection.5.2}% 21
\BOOKMARK [3][-]{subsubsection.5.2.2}{\376\377\211\302\155\113\126\150\123\315\231\210\143\247\122\066\145\110\147\234}{subsection.5.2}% 22
\BOOKMARK [3][-]{subsubsection.5.2.3}{\376\377\176\374\124\010\133\371\153\324}{subsection.5.2}% 23
\BOOKMARK [1][-]{section.6}{\376\377\176\323\213\272}{}% 24
